Arguments: 
  /home/lalit/.nvm/versions/node/v18.12.1/bin/node /home/lalit/.nvm/versions/node/v18.12.1/bin/yarn

PATH: 
  /home/lalit/.nvm/versions/node/v18.12.1/bin:/usr/local/sbin:/usr/local/bin:/usr/sbin:/usr/bin:/sbin:/bin:/usr/games:/usr/local/games:/snap/bin:/snap/bin

Yarn version: 
  1.22.19

Node version: 
  18.12.1

Platform: 
  linux x64

Trace: 
  Error: connect EHOSTUNREACH 104.16.16.35:443
      at TCPConnectWrap.afterConnect [as oncomplete] (node:net:1300:16)

npm manifest: 
  {
    "name": "react-app",
    "private": true,
    "version": "0.0.0",
    "type": "module",
    "scripts": {
      "dev": "vite",
      "build": "vite build",
      "preview": "vite preview"
    },
    "dependencies": {
      "react": "^18.2.0",
      "react-dom": "^18.2.0"
    },
    "devDependencies": {
      "@types/react": "^18.0.26",
      "@types/react-dom": "^18.0.9",
      "@vitejs/plugin-react": "^3.0.0",
      "vite": "^4.0.0"
    }
  }

yarn manifest: 
  No manifest

Lockfile: 
  No lockfile
